2024-02-08 13:06:04,356 INFO r.t.t.TransferBotApplication [main] Starting TransferBotApplication using Java 21.0.2 with PID 30608 (/home/andreyoskin/IdeaProjects/TransferBot/build/classes/java/main started by andreyoskin in /home/andreyoskin/IdeaProjects/TransferBot)
2024-02-08 13:06:04,368 DEBUG r.t.t.TransferBotApplication [main] Running with Spring Boot v3.2.2, Spring v6.1.3
2024-02-08 13:06:04,369 INFO r.t.t.TransferBotApplication [main] No active profile set, falling back to 1 default profile: "default"
2024-02-08 13:06:05,265 INFO o.s.d.r.c.RepositoryConfigurationDelegate [main] Bootstrapping Spring Data JPA repositories in DEFAULT mode.
2024-02-08 13:06:05,325 INFO o.s.d.r.c.RepositoryConfigurationDelegate [main] Finished Spring Data repository scanning in 47 ms. Found 1 JPA repository interface.
2024-02-08 13:06:05,975 INFO o.s.b.w.e.t.TomcatWebServer [main] Tomcat initialized with port 8080 (http)
2024-02-08 13:06:05,988 INFO o.a.c.h.Http11NioProtocol [main] Initializing ProtocolHandler ["http-nio-8080"]
2024-02-08 13:06:05,990 INFO o.a.c.c.StandardService [main] Starting service [Tomcat]
2024-02-08 13:06:05,990 INFO o.a.c.c.StandardEngine [main] Starting Servlet engine: [Apache Tomcat/10.1.18]
2024-02-08 13:06:06,060 INFO o.a.c.c.C.[.[.[/] [main] Initializing Spring embedded WebApplicationContext
2024-02-08 13:06:06,061 INFO o.s.b.w.s.c.ServletWebServerApplicationContext [main] Root WebApplicationContext: initialization completed in 1642 ms
2024-02-08 13:06:06,291 INFO o.h.j.i.u.LogHelper [main] HHH000204: Processing PersistenceUnitInfo [name: default]
2024-02-08 13:06:06,382 INFO o.h.Version [main] HHH000412: Hibernate ORM core version 6.4.1.Final
2024-02-08 13:06:06,468 INFO o.h.c.i.RegionFactoryInitiator [main] HHH000026: Second-level cache disabled
2024-02-08 13:06:06,803 INFO o.s.o.j.p.SpringPersistenceUnitInfo [main] No LoadTimeWeaver setup: ignoring JPA class transformer
2024-02-08 13:06:06,834 INFO c.z.h.HikariDataSource [main] HikariPool-1 - Starting...
2024-02-08 13:06:07,065 INFO c.z.h.p.HikariPool [main] HikariPool-1 - Added connection org.postgresql.jdbc.PgConnection@3d71e10b
2024-02-08 13:06:07,067 INFO c.z.h.HikariDataSource [main] HikariPool-1 - Start completed.
2024-02-08 13:06:08,171 INFO o.h.e.t.j.p.i.JtaPlatformInitiator [main] HHH000489: No JTA platform available (set 'hibernate.transaction.jta.platform' to enable JTA platform integration)
2024-02-08 13:06:08,237 INFO o.s.o.j.LocalContainerEntityManagerFactoryBean [main] Initialized JPA EntityManagerFactory for persistence unit 'default'
2024-02-08 13:06:09,427 WARN o.s.b.a.o.j.JpaBaseConfiguration$JpaWebConfiguration [main] spring.jpa.open-in-view is enabled by default. Therefore, database queries may be performed during view rendering. Explicitly configure spring.jpa.open-in-view to disable this warning
2024-02-08 13:06:09,874 INFO o.a.c.h.Http11NioProtocol [main] Starting ProtocolHandler ["http-nio-8080"]
2024-02-08 13:06:09,896 INFO o.s.b.w.e.t.TomcatWebServer [main] Tomcat started on port 8080 (http) with context path ''
2024-02-08 13:06:10,189 INFO r.t.t.t.TelegramBotInit [main] TgBot - Register success
2024-02-08 13:06:10,194 INFO r.t.t.TransferBotApplication [main] Started TransferBotApplication in 6.342 seconds (process running for 8.032)
2024-02-08 13:06:19,583 INFO o.s.o.j.LocalContainerEntityManagerFactoryBean [SpringApplicationShutdownHook] Closing JPA EntityManagerFactory for persistence unit 'default'
2024-02-08 13:06:19,588 INFO c.z.h.HikariDataSource [SpringApplicationShutdownHook] HikariPool-1 - Shutdown initiated...
2024-02-08 13:06:19,598 INFO c.z.h.HikariDataSource [SpringApplicationShutdownHook] HikariPool-1 - Shutdown completed.
2024-02-08 13:17:18,671 INFO r.t.t.TransferBotApplication [main] Starting TransferBotApplication using Java 21.0.2 with PID 31200 (/home/andreyoskin/IdeaProjects/TransferBot/build/classes/java/main started by andreyoskin in /home/andreyoskin/IdeaProjects/TransferBot)
2024-02-08 13:17:18,682 DEBUG r.t.t.TransferBotApplication [main] Running with Spring Boot v3.2.2, Spring v6.1.3
2024-02-08 13:17:18,683 INFO r.t.t.TransferBotApplication [main] No active profile set, falling back to 1 default profile: "default"
2024-02-08 13:17:19,469 INFO o.s.d.r.c.RepositoryConfigurationDelegate [main] Bootstrapping Spring Data JPA repositories in DEFAULT mode.
2024-02-08 13:17:19,535 INFO o.s.d.r.c.RepositoryConfigurationDelegate [main] Finished Spring Data repository scanning in 54 ms. Found 1 JPA repository interface.
2024-02-08 13:17:20,084 INFO o.s.b.w.e.t.TomcatWebServer [main] Tomcat initialized with port 8080 (http)
2024-02-08 13:17:20,097 INFO o.a.c.h.Http11NioProtocol [main] Initializing ProtocolHandler ["http-nio-8080"]
2024-02-08 13:17:20,099 INFO o.a.c.c.StandardService [main] Starting service [Tomcat]
2024-02-08 13:17:20,099 INFO o.a.c.c.StandardEngine [main] Starting Servlet engine: [Apache Tomcat/10.1.18]
2024-02-08 13:17:20,156 INFO o.a.c.c.C.[.[.[/] [main] Initializing Spring embedded WebApplicationContext
2024-02-08 13:17:20,156 INFO o.s.b.w.s.c.ServletWebServerApplicationContext [main] Root WebApplicationContext: initialization completed in 1421 ms
2024-02-08 13:17:20,374 INFO o.h.j.i.u.LogHelper [main] HHH000204: Processing PersistenceUnitInfo [name: default]
2024-02-08 13:17:20,459 INFO o.h.Version [main] HHH000412: Hibernate ORM core version 6.4.1.Final
2024-02-08 13:17:20,516 INFO o.h.c.i.RegionFactoryInitiator [main] HHH000026: Second-level cache disabled
2024-02-08 13:17:20,853 INFO o.s.o.j.p.SpringPersistenceUnitInfo [main] No LoadTimeWeaver setup: ignoring JPA class transformer
2024-02-08 13:17:20,884 INFO c.z.h.HikariDataSource [main] HikariPool-1 - Starting...
2024-02-08 13:17:21,047 INFO c.z.h.p.HikariPool [main] HikariPool-1 - Added connection org.postgresql.jdbc.PgConnection@69fe7090
2024-02-08 13:17:21,049 INFO c.z.h.HikariDataSource [main] HikariPool-1 - Start completed.
2024-02-08 13:17:21,935 INFO o.h.e.t.j.p.i.JtaPlatformInitiator [main] HHH000489: No JTA platform available (set 'hibernate.transaction.jta.platform' to enable JTA platform integration)
2024-02-08 13:17:22,001 INFO o.s.o.j.LocalContainerEntityManagerFactoryBean [main] Initialized JPA EntityManagerFactory for persistence unit 'default'
2024-02-08 13:17:23,392 INFO r.t.t.v.VkBot [main] VkBot - Init success
2024-02-08 13:17:23,439 WARN o.s.b.a.o.j.JpaBaseConfiguration$JpaWebConfiguration [main] spring.jpa.open-in-view is enabled by default. Therefore, database queries may be performed during view rendering. Explicitly configure spring.jpa.open-in-view to disable this warning
2024-02-08 13:17:23,847 INFO o.a.c.h.Http11NioProtocol [main] Starting ProtocolHandler ["http-nio-8080"]
2024-02-08 13:17:23,861 INFO o.s.b.w.e.t.TomcatWebServer [main] Tomcat started on port 8080 (http) with context path ''
2024-02-08 13:17:24,326 INFO r.t.t.t.TelegramBotInit [main] TgBot - Register success
2024-02-08 13:17:24,327 INFO r.t.t.TransferBotApplication [main] Started TransferBotApplication in 6.139 seconds (process running for 7.53)
2024-02-08 13:17:37,405 INFO r.t.t.u.CommonUtils [Thread-2] 
Получили из вк {"ts":"573","updates":[{"group_id":215303360,"type":"message_new","event_id":"e554bfbb595da3cc3f5d4f2d8713bb6d15ab3f26","v":"5.131","object":{"message":{"date":1707387457,"from_id":299701279,"id":0,"out":0,"version":10000440,"attachments":[],"conversation_message_id":405264,"fwd_messages":[],"important":false,"is_hidden":false,"peer_id":2000000003,"random_id":0,"text":"По практикам короче\nНа первую хуячим прогу\nНа вторую пишем шизовые бредни\nНа третью все собираем в 1 файл¿","is_unavailable":true},"client_info":{"button_actions":["text","vkpay","open_app","location","open_link","open_photo","callback","intent_subscribe","intent_unsubscribe"],"keyboard":true,"inline_keyboard":true,"carousel":true,"lang_id":0}}}]}
2024-02-08 13:17:38,059 INFO r.t.t.t.TelegramBot [Thread-2] Отправили в телеграм SendMessage(chatId=1186923362, messageThreadId=null, text=[#длютровик]
Дмитрий Чернышев (08.02 13:17)

По практикам короче
На первую хуячим прогу
На вторую пишем шизовые бредни
На третью все собираем в 1 файл¿, parseMode=null, disableWebPagePreview=null, disableNotification=null, replyToMessageId=null, replyMarkup=null, entities=null, allowSendingWithoutReply=null, protectContent=null, linkPreviewOptions=null, replyParameters=null)
2024-02-08 13:17:43,436 INFO r.t.t.u.CommonUtils [Thread-2] 
Получили из вк {"ts":"574","updates":[{"group_id":215303360,"type":"message_new","event_id":"477e6a4a2c680021988fe1da42db7c67b1c15efa","v":"5.131","object":{"message":{"date":1707387463,"from_id":178952520,"id":0,"out":0,"version":10000440,"attachments":[],"conversation_message_id":405265,"fwd_messages":[],"important":false,"is_hidden":false,"peer_id":2000000003,"random_id":0,"text":"Да","is_unavailable":true},"client_info":{"button_actions":["text","vkpay","open_app","location","open_link","open_photo","callback","intent_subscribe","intent_unsubscribe"],"keyboard":true,"inline_keyboard":true,"carousel":true,"lang_id":0}}}]}
2024-02-08 13:17:43,678 INFO r.t.t.t.TelegramBot [Thread-2] Отправили в телеграм SendMessage(chatId=1186923362, messageThreadId=null, text=[#длютровик]
Андрей Пухов (08.02 13:17)

Да, parseMode=null, disableWebPagePreview=null, disableNotification=null, replyToMessageId=null, replyMarkup=null, entities=null, allowSendingWithoutReply=null, protectContent=null, linkPreviewOptions=null, replyParameters=null)
2024-02-08 13:17:49,170 INFO r.t.t.u.CommonUtils [Thread-2] 
Получили из вк {"ts":"575","updates":[{"group_id":215303360,"type":"message_new","event_id":"f13c6065a1dbf806b695168a170814c8559b3234","v":"5.131","object":{"message":{"date":1707387469,"from_id":178952520,"id":0,"out":0,"version":10000440,"attachments":[],"conversation_message_id":405266,"fwd_messages":[],"important":false,"is_hidden":false,"peer_id":2000000003,"random_id":0,"text":"Читают только последнее","is_unavailable":true},"client_info":{"button_actions":["text","vkpay","open_app","location","open_link","open_photo","callback","intent_subscribe","intent_unsubscribe"],"keyboard":true,"inline_keyboard":true,"carousel":true,"lang_id":0}}}]}
2024-02-08 13:17:49,546 INFO r.t.t.t.TelegramBot [Thread-2] Отправили в телеграм SendMessage(chatId=1186923362, messageThreadId=null, text=[#длютровик]
Андрей Пухов (08.02 13:17)

Читают только последнее, parseMode=null, disableWebPagePreview=null, disableNotification=null, replyToMessageId=null, replyMarkup=null, entities=null, allowSendingWithoutReply=null, protectContent=null, linkPreviewOptions=null, replyParameters=null)
2024-02-08 13:18:05,867 INFO r.t.t.u.CommonUtils [Thread-2] 
Получили из вк {"ts":"576","updates":[{"group_id":215303360,"type":"message_new","event_id":"a7c437d980db5b83a78cf9a879fa3d19dd4c176b","v":"5.131","object":{"message":{"date":1707387485,"from_id":299701279,"id":0,"out":0,"version":10000440,"attachments":[],"conversation_message_id":405267,"fwd_messages":[],"important":false,"is_hidden":false,"peer_id":2000000003,"random_id":0,"text":"Ох билят","is_unavailable":true},"client_info":{"button_actions":["text","vkpay","open_app","location","open_link","open_photo","callback","intent_subscribe","intent_unsubscribe"],"keyboard":true,"inline_keyboard":true,"carousel":true,"lang_id":0}}}]}
2024-02-08 13:18:06,475 INFO r.t.t.t.TelegramBot [Thread-2] Отправили в телеграм SendMessage(chatId=1186923362, messageThreadId=null, text=[#длютровик]
Дмитрий Чернышев (08.02 13:18)

Ох билят, parseMode=null, disableWebPagePreview=null, disableNotification=null, replyToMessageId=null, replyMarkup=null, entities=null, allowSendingWithoutReply=null, protectContent=null, linkPreviewOptions=null, replyParameters=null)
2024-02-08 13:18:24,911 INFO r.t.t.u.CommonUtils [Thread-2] 
Получили из вк {"ts":"577","updates":[{"group_id":215303360,"type":"message_new","event_id":"f0787885685ec850fd8cd53e133144e324a38a2f","v":"5.131","object":{"message":{"date":1707387504,"from_id":178952520,"id":0,"out":0,"version":10000440,"attachments":[],"conversation_message_id":405268,"fwd_messages":[],"important":false,"is_hidden":false,"peer_id":2000000003,"random_id":0,"text":"Можно вообще старую хуйню подкидывать","is_unavailable":true},"client_info":{"button_actions":["text","vkpay","open_app","location","open_link","open_photo","callback","intent_subscribe","intent_unsubscribe"],"keyboard":true,"inline_keyboard":true,"carousel":true,"lang_id":0}}}]}
2024-02-08 13:18:25,441 INFO r.t.t.t.TelegramBot [Thread-2] Отправили в телеграм SendMessage(chatId=1186923362, messageThreadId=null, text=[#длютровик]
Андрей Пухов (08.02 13:18)

Можно вообще старую хуйню подкидывать, parseMode=null, disableWebPagePreview=null, disableNotification=null, replyToMessageId=null, replyMarkup=null, entities=null, allowSendingWithoutReply=null, protectContent=null, linkPreviewOptions=null, replyParameters=null)
2024-02-08 13:18:53,068 INFO r.t.t.u.CommonUtils [Thread-2] 
Получили из вк {"ts":"577","updates":[]}
2024-02-08 13:18:55,694 INFO r.t.t.u.CommonUtils [Thread-2] 
Получили из вк {"ts":"578","updates":[{"group_id":215303360,"type":"message_new","event_id":"8af51c0a7a3e93139b8dd150ef79c9ab46588066","v":"5.131","object":{"message":{"date":1707387534,"from_id":299701279,"id":0,"out":0,"version":10000440,"attachments":[],"conversation_message_id":405269,"fwd_messages":[],"important":false,"is_hidden":false,"peer_id":2000000003,"random_id":0,"text":"Критерии для 3й практики есть¿","is_unavailable":true},"client_info":{"button_actions":["text","vkpay","open_app","location","open_link","open_photo","callback","intent_subscribe","intent_unsubscribe"],"keyboard":true,"inline_keyboard":true,"carousel":true,"lang_id":0}}}]}
2024-02-08 13:18:56,641 INFO r.t.t.t.TelegramBot [Thread-2] Отправили в телеграм SendMessage(chatId=1186923362, messageThreadId=null, text=[#длютровик]
Дмитрий Чернышев (08.02 13:18)

Критерии для 3й практики есть¿, parseMode=null, disableWebPagePreview=null, disableNotification=null, replyToMessageId=null, replyMarkup=null, entities=null, allowSendingWithoutReply=null, protectContent=null, linkPreviewOptions=null, replyParameters=null)
2024-02-08 13:19:00,785 INFO r.t.t.u.CommonUtils [Thread-2] 
Получили из вк {"ts":"579","updates":[{"group_id":215303360,"type":"message_new","event_id":"b33aa86d55b6b5798a0e5013025d89e639903fdd","v":"5.131","object":{"message":{"date":1707387540,"from_id":299701279,"id":0,"out":0,"version":10000440,"attachments":[],"conversation_message_id":405270,"fwd_messages":[],"important":false,"is_hidden":false,"peer_id":2000000003,"random_id":0,"text":"По страницам там","is_unavailable":true},"client_info":{"button_actions":["text","vkpay","open_app","location","open_link","open_photo","callback","intent_subscribe","intent_unsubscribe"],"keyboard":true,"inline_keyboard":true,"carousel":true,"lang_id":0}}}]}
2024-02-08 13:19:01,069 INFO r.t.t.t.TelegramBot [Thread-2] Отправили в телеграм SendMessage(chatId=1186923362, messageThreadId=null, text=[#длютровик]
Дмитрий Чернышев (08.02 13:19)

По страницам там, parseMode=null, disableWebPagePreview=null, disableNotification=null, replyToMessageId=null, replyMarkup=null, entities=null, allowSendingWithoutReply=null, protectContent=null, linkPreviewOptions=null, replyParameters=null)
2024-02-08 13:19:05,362 INFO r.t.t.u.CommonUtils [Thread-2] 
Получили из вк {"ts":"580","updates":[{"group_id":215303360,"type":"message_new","event_id":"6eeb5dc31e4f7aa774bd4df10238d9f4b8d003a3","v":"5.131","object":{"message":{"date":1707387544,"from_id":178952520,"id":0,"out":0,"version":10000440,"attachments":[],"conversation_message_id":405271,"fwd_messages":[],"important":false,"is_hidden":false,"peer_id":2000000003,"random_id":0,"text":"Ору\nНу\nДиплом","is_unavailable":true},"client_info":{"button_actions":["text","vkpay","open_app","location","open_link","open_photo","callback","intent_subscribe","intent_unsubscribe"],"keyboard":true,"inline_keyboard":true,"carousel":true,"lang_id":0}}}]}
2024-02-08 13:19:06,157 INFO r.t.t.t.TelegramBot [Thread-2] Отправили в телеграм SendMessage(chatId=1186923362, messageThreadId=null, text=[#длютровик]
Андрей Пухов (08.02 13:19)

Ору
Ну
Диплом, parseMode=null, disableWebPagePreview=null, disableNotification=null, replyToMessageId=null, replyMarkup=null, entities=null, allowSendingWithoutReply=null, protectContent=null, linkPreviewOptions=null, replyParameters=null)
2024-02-08 13:19:09,555 INFO r.t.t.u.CommonUtils [Thread-2] 
Получили из вк {"ts":"581","updates":[{"group_id":215303360,"type":"message_new","event_id":"955d010c15eb8929e636707d2d30953dfba9a264","v":"5.131","object":{"message":{"date":1707387549,"from_id":178952520,"id":0,"out":0,"version":10000440,"attachments":[],"conversation_message_id":405272,"fwd_messages":[],"important":false,"is_hidden":false,"peer_id":2000000003,"random_id":0,"text":"Записка","is_unavailable":true},"client_info":{"button_actions":["text","vkpay","open_app","location","open_link","open_photo","callback","intent_subscribe","intent_unsubscribe"],"keyboard":true,"inline_keyboard":true,"carousel":true,"lang_id":0}}}]}
2024-02-08 13:19:16,825 INFO r.t.t.t.TelegramBot [Thread-2] Отправили в телеграм SendMessage(chatId=1186923362, messageThreadId=null, text=[#длютровик]
Андрей Пухов (08.02 13:19)

Записка, parseMode=null, disableWebPagePreview=null, disableNotification=null, replyToMessageId=null, replyMarkup=null, entities=null, allowSendingWithoutReply=null, protectContent=null, linkPreviewOptions=null, replyParameters=null)
2024-02-08 13:19:20,104 INFO r.t.t.u.CommonUtils [Thread-2] 
Получили из вк {"ts":"582","updates":[{"group_id":215303360,"type":"message_new","event_id":"827815f3e02e16c751b38a270f5c5f4e55aae0d4","v":"5.131","object":{"message":{"date":1707387556,"from_id":299701279,"id":0,"out":0,"version":10000440,"attachments":[],"conversation_message_id":405273,"fwd_messages":[],"important":false,"is_hidden":false,"peer_id":2000000003,"random_id":0,"text":"50 текста¿","is_unavailable":true},"client_info":{"button_actions":["text","vkpay","open_app","location","open_link","open_photo","callback","intent_subscribe","intent_unsubscribe"],"keyboard":true,"inline_keyboard":true,"carousel":true,"lang_id":0}}}]}
2024-02-08 13:19:20,380 INFO r.t.t.t.TelegramBot [Thread-2] Отправили в телеграм SendMessage(chatId=1186923362, messageThreadId=null, text=[#длютровик]
Дмитрий Чернышев (08.02 13:19)

50 текста¿, parseMode=null, disableWebPagePreview=null, disableNotification=null, replyToMessageId=null, replyMarkup=null, entities=null, allowSendingWithoutReply=null, protectContent=null, linkPreviewOptions=null, replyParameters=null)
2024-02-08 13:19:24,261 INFO o.s.o.j.LocalContainerEntityManagerFactoryBean [SpringApplicationShutdownHook] Closing JPA EntityManagerFactory for persistence unit 'default'
2024-02-08 13:19:24,268 INFO c.z.h.HikariDataSource [SpringApplicationShutdownHook] HikariPool-1 - Shutdown initiated...
2024-02-08 13:19:24,272 INFO c.z.h.HikariDataSource [SpringApplicationShutdownHook] HikariPool-1 - Shutdown completed.
2024-02-08 13:19:52,136 INFO r.t.t.TransferBotApplication [main] Starting TransferBotApplication using Java 21.0.2 with PID 31840 (/home/andreyoskin/IdeaProjects/TransferBot/build/classes/java/main started by andreyoskin in /home/andreyoskin/IdeaProjects/TransferBot)
2024-02-08 13:19:52,143 DEBUG r.t.t.TransferBotApplication [main] Running with Spring Boot v3.2.2, Spring v6.1.3
2024-02-08 13:19:52,144 INFO r.t.t.TransferBotApplication [main] No active profile set, falling back to 1 default profile: "default"
2024-02-08 13:19:52,902 INFO o.s.d.r.c.RepositoryConfigurationDelegate [main] Bootstrapping Spring Data JPA repositories in DEFAULT mode.
2024-02-08 13:19:52,961 INFO o.s.d.r.c.RepositoryConfigurationDelegate [main] Finished Spring Data repository scanning in 51 ms. Found 1 JPA repository interface.
2024-02-08 13:19:53,488 INFO o.s.b.w.e.t.TomcatWebServer [main] Tomcat initialized with port 8080 (http)
2024-02-08 13:19:53,501 INFO o.a.c.h.Http11NioProtocol [main] Initializing ProtocolHandler ["http-nio-8080"]
2024-02-08 13:19:53,503 INFO o.a.c.c.StandardService [main] Starting service [Tomcat]
2024-02-08 13:19:53,503 INFO o.a.c.c.StandardEngine [main] Starting Servlet engine: [Apache Tomcat/10.1.18]
2024-02-08 13:19:53,553 INFO o.a.c.c.C.[.[.[/] [main] Initializing Spring embedded WebApplicationContext
2024-02-08 13:19:53,553 INFO o.s.b.w.s.c.ServletWebServerApplicationContext [main] Root WebApplicationContext: initialization completed in 1362 ms
2024-02-08 13:19:53,747 INFO o.h.j.i.u.LogHelper [main] HHH000204: Processing PersistenceUnitInfo [name: default]
2024-02-08 13:19:53,822 INFO o.h.Version [main] HHH000412: Hibernate ORM core version 6.4.1.Final
2024-02-08 13:19:53,865 INFO o.h.c.i.RegionFactoryInitiator [main] HHH000026: Second-level cache disabled
2024-02-08 13:19:54,141 INFO o.s.o.j.p.SpringPersistenceUnitInfo [main] No LoadTimeWeaver setup: ignoring JPA class transformer
2024-02-08 13:19:54,170 INFO c.z.h.HikariDataSource [main] HikariPool-1 - Starting...
2024-02-08 13:19:54,323 INFO c.z.h.p.HikariPool [main] HikariPool-1 - Added connection org.postgresql.jdbc.PgConnection@45c423b3
2024-02-08 13:19:54,324 INFO c.z.h.HikariDataSource [main] HikariPool-1 - Start completed.
2024-02-08 13:19:55,250 INFO o.h.e.t.j.p.i.JtaPlatformInitiator [main] HHH000489: No JTA platform available (set 'hibernate.transaction.jta.platform' to enable JTA platform integration)
2024-02-08 13:19:55,318 INFO o.s.o.j.LocalContainerEntityManagerFactoryBean [main] Initialized JPA EntityManagerFactory for persistence unit 'default'
2024-02-08 13:19:56,377 INFO r.t.t.v.VkBot [main] VkBot - Init success
2024-02-08 13:19:56,417 WARN o.s.b.a.o.j.JpaBaseConfiguration$JpaWebConfiguration [main] spring.jpa.open-in-view is enabled by default. Therefore, database queries may be performed during view rendering. Explicitly configure spring.jpa.open-in-view to disable this warning
2024-02-08 13:19:56,823 INFO o.a.c.h.Http11NioProtocol [main] Starting ProtocolHandler ["http-nio-8080"]
2024-02-08 13:19:56,836 INFO o.s.b.w.e.t.TomcatWebServer [main] Tomcat started on port 8080 (http) with context path ''
2024-02-08 13:19:57,235 INFO r.t.t.t.TelegramBotInit [main] TgBot - Register success
2024-02-08 13:19:57,237 INFO r.t.t.TransferBotApplication [main] Started TransferBotApplication in 5.503 seconds (process running for 6.907)
2024-02-08 13:19:59,428 INFO r.t.t.u.CommonUtils [Thread-2] 
Получили из вк {"ts":"583","updates":[{"group_id":215303360,"type":"message_new","event_id":"7beb1832a3636585b796c8ac2d6076cc34d274ce","v":"5.131","object":{"message":{"date":1707387597,"from_id":178952520,"id":0,"out":0,"version":10000440,"attachments":[],"conversation_message_id":405274,"fwd_messages":[],"important":false,"is_hidden":false,"peer_id":2000000003,"random_id":0,"text":"Ой, а тут пока хз...","is_unavailable":true},"client_info":{"button_actions":["text","vkpay","open_app","location","open_link","open_photo","callback","intent_subscribe","intent_unsubscribe"],"keyboard":true,"inline_keyboard":true,"carousel":true,"lang_id":0}}}]}
2024-02-08 13:20:00,080 INFO r.t.t.t.TelegramBot [Thread-2] Отправили в телеграм SendMessage(chatId=1186923362, messageThreadId=null, text=[#длютровик]
Андрей Пухов (08.02 13:19)

Ой, а тут пока хз..., parseMode=null, disableWebPagePreview=null, disableNotification=null, replyToMessageId=null, replyMarkup=null, entities=null, allowSendingWithoutReply=null, protectContent=null, linkPreviewOptions=null, replyParameters=null)
2024-02-08 13:20:09,569 INFO r.t.t.u.CommonUtils [Thread-2] 
Получили из вк {"ts":"584","updates":[{"group_id":215303360,"type":"message_new","event_id":"69a39422ff96617cc2a7d71edc26c72393187ca0","v":"5.131","object":{"message":{"date":1707387609,"from_id":178952520,"id":0,"out":0,"version":10000440,"attachments":[],"conversation_message_id":405275,"fwd_messages":[],"important":false,"is_hidden":false,"peer_id":2000000003,"random_id":0,"text":"Это же к концу мая\nПока пиво","is_unavailable":true},"client_info":{"button_actions":["text","vkpay","open_app","location","open_link","open_photo","callback","intent_subscribe","intent_unsubscribe"],"keyboard":true,"inline_keyboard":true,"carousel":true,"lang_id":0}}}]}
2024-02-08 13:20:09,776 INFO r.t.t.t.TelegramBot [Thread-2] Отправили в телеграм SendMessage(chatId=1186923362, messageThreadId=null, text=[#длютровик]
Андрей Пухов (08.02 13:20)

Это же к концу мая
Пока пиво, parseMode=null, disableWebPagePreview=null, disableNotification=null, replyToMessageId=null, replyMarkup=null, entities=null, allowSendingWithoutReply=null, protectContent=null, linkPreviewOptions=null, replyParameters=null)
2024-02-08 13:20:34,546 INFO r.t.t.u.CommonUtils [Thread-2] 
Получили из вк {"ts":"585","updates":[{"group_id":215303360,"type":"message_new","event_id":"1655c6a0662c2c98c3bea3c845086b5b12fe3828","v":"5.131","object":{"message":{"date":1707387634,"from_id":299701279,"id":0,"out":0,"version":10000440,"attachments":[],"conversation_message_id":405276,"fwd_messages":[],"important":false,"is_hidden":false,"peer_id":2000000003,"random_id":0,"text":"Блять первым диплом напишет чекайте","is_unavailable":true},"client_info":{"button_actions":["text","vkpay","open_app","location","open_link","open_photo","callback","intent_subscribe","intent_unsubscribe"],"keyboard":true,"inline_keyboard":true,"carousel":true,"lang_id":0}}}]}
2024-02-08 13:20:34,766 INFO r.t.t.t.TelegramBot [Thread-2] Отправили в телеграм SendMessage(chatId=1186923362, messageThreadId=null, text=[#длютровик]
Дмитрий Чернышев (08.02 13:20)

Блять первым диплом напишет чекайте, parseMode=null, disableWebPagePreview=null, disableNotification=null, replyToMessageId=null, replyMarkup=null, entities=null, allowSendingWithoutReply=null, protectContent=null, linkPreviewOptions=null, replyParameters=null)
2024-02-08 13:20:43,097 INFO r.t.t.t.TelegramBot [PshikPshikkBot Telegram Executor] Получили из Telegram Message(messageId=1210, messageThreadId=null, from=User(id=1186923362, firstName=Andrey, isBot=false, lastName=Oskin, userName=rreshrr, languageCode=en, canJoinGroups=null, canReadAllGroupMessages=null, supportInlineQueries=null, isPremium=null, addedToAttachmentMenu=null), date=1707387643, chat=Chat(id=1186923362, type=private, title=null, firstName=Andrey, lastName=Oskin, userName=rreshrr, photo=null, description=null, inviteLink=null, pinnedMessage=null, stickerSetName=null, canSetStickerSet=null, permissions=null, slowModeDelay=null, bio=null, linkedChatId=null, location=null, messageAutoDeleteTime=null, hasPrivateForwards=null, HasProtectedContent=null, joinToSendMessages=null, joinByRequest=null, hasRestrictedVoiceAndVideoMessages=null, isForum=null, activeUsernames=null, emojiStatusCustomEmojiId=null, hasAggressiveAntiSpamEnabled=null, hasHiddenMembers=null, emojiStatusExpirationDate=null, availableReactions=null, accentColorId=null, backgroundCustomEmojiId=null, profileAccentColorId=null, profileBackgroundCustomEmojiId=null, hasVisibleHistory=null), forwardFrom=null, forwardFromChat=null, forwardDate=null, text=реально, entities=null, captionEntities=null, audio=null, document=null, photo=null, sticker=null, video=null, contact=null, location=null, venue=null, animation=null, pinnedMessage=null, newChatMembers=[], leftChatMember=null, newChatTitle=null, newChatPhoto=null, deleteChatPhoto=null, groupchatCreated=null, replyToMessage=null, voice=null, caption=null, superGroupCreated=null, channelChatCreated=null, migrateToChatId=null, migrateFromChatId=null, editDate=null, game=null, forwardFromMessageId=null, invoice=null, successfulPayment=null, videoNote=null, authorSignature=null, forwardSignature=null, mediaGroupId=null, connectedWebsite=null, passportData=null, forwardSenderName=null, poll=null, replyMarkup=null, dice=null, viaBot=null, senderChat=null, proximityAlertTriggered=null, messageAutoDeleteTimerChanged=null, isAutomaticForward=null, hasProtectedContent=null, webAppData=null, videoChatStarted=null, videoChatEnded=null, videoChatParticipantsInvited=null, videoChatScheduled=null, isTopicMessage=null, forumTopicCreated=null, forumTopicClosed=null, forumTopicReopened=null, forumTopicEdited=null, generalForumTopicHidden=null, generalForumTopicUnhidden=null, writeAccessAllowed=null, hasMediaSpoiler=null, userShared=null, chatShared=null, story=null, externalReplyInfo=null, forwardOrigin=null, linkPreviewOptions=null, quote=null, usersShared=null, giveawayCreated=null, giveaway=null, giveawayWinners=null, giveawayCompleted=null)
2024-02-08 13:20:43,099 INFO r.t.t.u.NetworkUtils [PshikPshikkBot Telegram Executor] Отправили вк: реально
2024-02-08 13:21:02,501 INFO r.t.t.u.CommonUtils [Thread-2] 
Получили из вк {"ts":"585","updates":[]}
2024-02-08 13:21:30,251 INFO r.t.t.u.CommonUtils [Thread-2] 
Получили из вк {"ts":"585","updates":[]}
2024-02-08 13:21:32,865 INFO r.t.t.u.CommonUtils [Thread-2] 
Получили из вк {"ts":"586","updates":[{"group_id":215303360,"type":"message_new","event_id":"715d9365e1e8ab8c4954ccb02584654898122bb6","v":"5.131","object":{"message":{"date":1707387692,"from_id":178952520,"id":0,"out":0,"version":10000444,"attachments":[],"conversation_message_id":405277,"fwd_messages":[],"important":false,"is_hidden":false,"peer_id":2000000003,"random_id":0,"text":"Ору","is_unavailable":true},"client_info":{"button_actions":["text","vkpay","open_app","location","open_link","open_photo","callback","intent_subscribe","intent_unsubscribe"],"keyboard":true,"inline_keyboard":true,"carousel":true,"lang_id":0}}}]}
2024-02-08 13:21:33,650 INFO r.t.t.t.TelegramBot [Thread-2] Отправили в телеграм SendMessage(chatId=1186923362, messageThreadId=null, text=[#длютровик]
Андрей Пухов (08.02 13:21)

Ору, parseMode=null, disableWebPagePreview=null, disableNotification=null, replyToMessageId=null, replyMarkup=null, entities=null, allowSendingWithoutReply=null, protectContent=null, linkPreviewOptions=null, replyParameters=null)
2024-02-08 13:21:36,759 INFO r.t.t.u.CommonUtils [Thread-2] 
Получили из вк {"ts":"587","updates":[{"group_id":215303360,"type":"message_new","event_id":"62d037ea9192fcc438115d342ae22933acab04c4","v":"5.131","object":{"message":{"date":1707387696,"from_id":178952520,"id":0,"out":0,"version":10000444,"attachments":[],"conversation_message_id":405278,"fwd_messages":[],"important":false,"is_hidden":false,"peer_id":2000000003,"random_id":0,"text":"Может быть","is_unavailable":true},"client_info":{"button_actions":["text","vkpay","open_app","location","open_link","open_photo","callback","intent_subscribe","intent_unsubscribe"],"keyboard":true,"inline_keyboard":true,"carousel":true,"lang_id":0}}}]}
2024-02-08 13:21:36,989 INFO r.t.t.t.TelegramBot [Thread-2] Отправили в телеграм SendMessage(chatId=1186923362, messageThreadId=null, text=[#длютровик]
Андрей Пухов (08.02 13:21)

Может быть, parseMode=null, disableWebPagePreview=null, disableNotification=null, replyToMessageId=null, replyMarkup=null, entities=null, allowSendingWithoutReply=null, protectContent=null, linkPreviewOptions=null, replyParameters=null)
2024-02-08 13:21:52,152 INFO o.s.o.j.LocalContainerEntityManagerFactoryBean [SpringApplicationShutdownHook] Closing JPA EntityManagerFactory for persistence unit 'default'
2024-02-08 13:21:52,157 INFO c.z.h.HikariDataSource [SpringApplicationShutdownHook] HikariPool-1 - Shutdown initiated...
2024-02-08 13:21:52,167 INFO c.z.h.HikariDataSource [SpringApplicationShutdownHook] HikariPool-1 - Shutdown completed.
2024-02-08 13:31:44,176 INFO r.t.t.TransferBotApplication [main] Starting TransferBotApplication using Java 21.0.2 with PID 32403 (/home/andreyoskin/IdeaProjects/TransferBot/build/classes/java/main started by andreyoskin in /home/andreyoskin/IdeaProjects/TransferBot)
2024-02-08 13:31:44,183 DEBUG r.t.t.TransferBotApplication [main] Running with Spring Boot v3.2.2, Spring v6.1.3
2024-02-08 13:31:44,184 INFO r.t.t.TransferBotApplication [main] No active profile set, falling back to 1 default profile: "default"
2024-02-08 13:31:44,970 INFO o.s.d.r.c.RepositoryConfigurationDelegate [main] Bootstrapping Spring Data JPA repositories in DEFAULT mode.
2024-02-08 13:31:45,033 INFO o.s.d.r.c.RepositoryConfigurationDelegate [main] Finished Spring Data repository scanning in 52 ms. Found 1 JPA repository interface.
2024-02-08 13:31:45,613 INFO o.s.b.w.e.t.TomcatWebServer [main] Tomcat initialized with port 8080 (http)
2024-02-08 13:31:45,626 INFO o.a.c.h.Http11NioProtocol [main] Initializing ProtocolHandler ["http-nio-8080"]
2024-02-08 13:31:45,628 INFO o.a.c.c.StandardService [main] Starting service [Tomcat]
2024-02-08 13:31:45,628 INFO o.a.c.c.StandardEngine [main] Starting Servlet engine: [Apache Tomcat/10.1.18]
2024-02-08 13:31:45,713 INFO o.a.c.c.C.[.[.[/] [main] Initializing Spring embedded WebApplicationContext
2024-02-08 13:31:45,713 INFO o.s.b.w.s.c.ServletWebServerApplicationContext [main] Root WebApplicationContext: initialization completed in 1485 ms
2024-02-08 13:31:45,921 INFO o.h.j.i.u.LogHelper [main] HHH000204: Processing PersistenceUnitInfo [name: default]
2024-02-08 13:31:45,990 INFO o.h.Version [main] HHH000412: Hibernate ORM core version 6.4.1.Final
2024-02-08 13:31:46,041 INFO o.h.c.i.RegionFactoryInitiator [main] HHH000026: Second-level cache disabled
2024-02-08 13:31:46,520 INFO o.s.o.j.p.SpringPersistenceUnitInfo [main] No LoadTimeWeaver setup: ignoring JPA class transformer
2024-02-08 13:31:46,555 INFO c.z.h.HikariDataSource [main] HikariPool-1 - Starting...
2024-02-08 13:31:46,777 INFO c.z.h.p.HikariPool [main] HikariPool-1 - Added connection org.postgresql.jdbc.PgConnection@6113a26f
2024-02-08 13:31:46,779 INFO c.z.h.HikariDataSource [main] HikariPool-1 - Start completed.
2024-02-08 13:31:47,691 INFO o.h.e.t.j.p.i.JtaPlatformInitiator [main] HHH000489: No JTA platform available (set 'hibernate.transaction.jta.platform' to enable JTA platform integration)
2024-02-08 13:31:47,754 INFO o.s.o.j.LocalContainerEntityManagerFactoryBean [main] Initialized JPA EntityManagerFactory for persistence unit 'default'
2024-02-08 13:31:48,789 INFO r.t.t.v.VkBot [main] VkBot - Init success
2024-02-08 13:31:48,832 WARN o.s.b.a.o.j.JpaBaseConfiguration$JpaWebConfiguration [main] spring.jpa.open-in-view is enabled by default. Therefore, database queries may be performed during view rendering. Explicitly configure spring.jpa.open-in-view to disable this warning
2024-02-08 13:31:49,250 INFO o.a.c.h.Http11NioProtocol [main] Starting ProtocolHandler ["http-nio-8080"]
2024-02-08 13:31:49,275 INFO o.s.b.w.e.t.TomcatWebServer [main] Tomcat started on port 8080 (http) with context path ''
2024-02-08 13:31:49,723 INFO r.t.t.t.TelegramBotInit [main] TgBot - Register success
2024-02-08 13:31:49,728 INFO r.t.t.TransferBotApplication [main] Started TransferBotApplication in 5.994 seconds (process running for 9.39)
2024-02-08 13:32:03,592 INFO r.t.t.t.TelegramBot [PshikPshikkBot Telegram Executor] Получили из Telegram Message(messageId=1213, messageThreadId=null, from=User(id=1186923362, firstName=Andrey, isBot=false, lastName=Oskin, userName=rreshrr, languageCode=en, canJoinGroups=null, canReadAllGroupMessages=null, supportInlineQueries=null, isPremium=null, addedToAttachmentMenu=null), date=1707388323, chat=Chat(id=1186923362, type=private, title=null, firstName=Andrey, lastName=Oskin, userName=rreshrr, photo=null, description=null, inviteLink=null, pinnedMessage=null, stickerSetName=null, canSetStickerSet=null, permissions=null, slowModeDelay=null, bio=null, linkedChatId=null, location=null, messageAutoDeleteTime=null, hasPrivateForwards=null, HasProtectedContent=null, joinToSendMessages=null, joinByRequest=null, hasRestrictedVoiceAndVideoMessages=null, isForum=null, activeUsernames=null, emojiStatusCustomEmojiId=null, hasAggressiveAntiSpamEnabled=null, hasHiddenMembers=null, emojiStatusExpirationDate=null, availableReactions=null, accentColorId=null, backgroundCustomEmojiId=null, profileAccentColorId=null, profileBackgroundCustomEmojiId=null, hasVisibleHistory=null), forwardFrom=null, forwardFromChat=null, forwardDate=null, text=vcvbx, entities=null, captionEntities=null, audio=null, document=null, photo=null, sticker=null, video=null, contact=null, location=null, venue=null, animation=null, pinnedMessage=null, newChatMembers=[], leftChatMember=null, newChatTitle=null, newChatPhoto=null, deleteChatPhoto=null, groupchatCreated=null, replyToMessage=null, voice=null, caption=null, superGroupCreated=null, channelChatCreated=null, migrateToChatId=null, migrateFromChatId=null, editDate=null, game=null, forwardFromMessageId=null, invoice=null, successfulPayment=null, videoNote=null, authorSignature=null, forwardSignature=null, mediaGroupId=null, connectedWebsite=null, passportData=null, forwardSenderName=null, poll=null, replyMarkup=null, dice=null, viaBot=null, senderChat=null, proximityAlertTriggered=null, messageAutoDeleteTimerChanged=null, isAutomaticForward=null, hasProtectedContent=null, webAppData=null, videoChatStarted=null, videoChatEnded=null, videoChatParticipantsInvited=null, videoChatScheduled=null, isTopicMessage=null, forumTopicCreated=null, forumTopicClosed=null, forumTopicReopened=null, forumTopicEdited=null, generalForumTopicHidden=null, generalForumTopicUnhidden=null, writeAccessAllowed=null, hasMediaSpoiler=null, userShared=null, chatShared=null, story=null, externalReplyInfo=null, forwardOrigin=null, linkPreviewOptions=null, quote=null, usersShared=null, giveawayCreated=null, giveaway=null, giveawayWinners=null, giveawayCompleted=null)
2024-02-08 13:32:03,596 INFO r.t.t.u.NetworkUtils [PshikPshikkBot Telegram Executor] Отправили вк: vcvbx
2024-02-08 13:32:21,520 INFO r.t.t.u.CommonUtils [Thread-2] 
Получили из вк {"ts":"594","updates":[]}
2024-02-08 13:32:26,850 INFO r.t.t.t.TelegramBot [PshikPshikkBot Telegram Executor] Получили из Telegram Message(messageId=1214, messageThreadId=null, from=User(id=1186923362, firstName=Andrey, isBot=false, lastName=Oskin, userName=rreshrr, languageCode=en, canJoinGroups=null, canReadAllGroupMessages=null, supportInlineQueries=null, isPremium=null, addedToAttachmentMenu=null), date=1707388346, chat=Chat(id=1186923362, type=private, title=null, firstName=Andrey, lastName=Oskin, userName=rreshrr, photo=null, description=null, inviteLink=null, pinnedMessage=null, stickerSetName=null, canSetStickerSet=null, permissions=null, slowModeDelay=null, bio=null, linkedChatId=null, location=null, messageAutoDeleteTime=null, hasPrivateForwards=null, HasProtectedContent=null, joinToSendMessages=null, joinByRequest=null, hasRestrictedVoiceAndVideoMessages=null, isForum=null, activeUsernames=null, emojiStatusCustomEmojiId=null, hasAggressiveAntiSpamEnabled=null, hasHiddenMembers=null, emojiStatusExpirationDate=null, availableReactions=null, accentColorId=null, backgroundCustomEmojiId=null, profileAccentColorId=null, profileBackgroundCustomEmojiId=null, hasVisibleHistory=null), forwardFrom=null, forwardFromChat=null, forwardDate=null, text=#длютровик, entities=[MessageEntity(type=hashtag, offset=0, length=10, url=null, user=null, language=null, customEmojiId=null, text=#длютровик)], captionEntities=null, audio=null, document=null, photo=null, sticker=null, video=null, contact=null, location=null, venue=null, animation=null, pinnedMessage=null, newChatMembers=[], leftChatMember=null, newChatTitle=null, newChatPhoto=null, deleteChatPhoto=null, groupchatCreated=null, replyToMessage=null, voice=null, caption=null, superGroupCreated=null, channelChatCreated=null, migrateToChatId=null, migrateFromChatId=null, editDate=null, game=null, forwardFromMessageId=null, invoice=null, successfulPayment=null, videoNote=null, authorSignature=null, forwardSignature=null, mediaGroupId=null, connectedWebsite=null, passportData=null, forwardSenderName=null, poll=null, replyMarkup=null, dice=null, viaBot=null, senderChat=null, proximityAlertTriggered=null, messageAutoDeleteTimerChanged=null, isAutomaticForward=null, hasProtectedContent=null, webAppData=null, videoChatStarted=null, videoChatEnded=null, videoChatParticipantsInvited=null, videoChatScheduled=null, isTopicMessage=null, forumTopicCreated=null, forumTopicClosed=null, forumTopicReopened=null, forumTopicEdited=null, generalForumTopicHidden=null, generalForumTopicUnhidden=null, writeAccessAllowed=null, hasMediaSpoiler=null, userShared=null, chatShared=null, story=null, externalReplyInfo=null, forwardOrigin=null, linkPreviewOptions=null, quote=null, usersShared=null, giveawayCreated=null, giveaway=null, giveawayWinners=null, giveawayCompleted=null)
2024-02-08 13:32:27,061 INFO r.t.t.u.TransferUtils [PshikPshikkBot Telegram Executor] Чат длютровик (2000000003) был выбран активным
2024-02-08 13:32:27,356 INFO r.t.t.t.TelegramBot [PshikPshikkBot Telegram Executor] Отправили в телеграм SendMessage(chatId=1186923362, messageThreadId=null, text=Чат длютровик выбран активным! Любое отправленное сообщение улетит прямиком туда, parseMode=null, disableWebPagePreview=null, disableNotification=null, replyToMessageId=null, replyMarkup=null, entities=null, allowSendingWithoutReply=null, protectContent=null, linkPreviewOptions=null, replyParameters=null)
2024-02-08 13:32:49,374 INFO r.t.t.u.CommonUtils [Thread-2] 
Получили из вк {"ts":"594","updates":[]}
2024-02-08 13:33:17,736 INFO r.t.t.u.CommonUtils [Thread-2] 
Получили из вк {"ts":"594","updates":[]}
2024-02-08 13:33:45,383 INFO r.t.t.u.CommonUtils [Thread-2] 
Получили из вк {"ts":"594","updates":[]}
2024-02-08 13:34:13,152 INFO r.t.t.u.CommonUtils [Thread-2] 
Получили из вк {"ts":"594","updates":[]}
2024-02-08 13:34:19,587 INFO r.t.t.t.TelegramBot [PshikPshikkBot Telegram Executor] Получили из Telegram Message(messageId=1216, messageThreadId=null, from=User(id=1186923362, firstName=Andrey, isBot=false, lastName=Oskin, userName=rreshrr, languageCode=en, canJoinGroups=null, canReadAllGroupMessages=null, supportInlineQueries=null, isPremium=null, addedToAttachmentMenu=null), date=1707388459, chat=Chat(id=1186923362, type=private, title=null, firstName=Andrey, lastName=Oskin, userName=rreshrr, photo=null, description=null, inviteLink=null, pinnedMessage=null, stickerSetName=null, canSetStickerSet=null, permissions=null, slowModeDelay=null, bio=null, linkedChatId=null, location=null, messageAutoDeleteTime=null, hasPrivateForwards=null, HasProtectedContent=null, joinToSendMessages=null, joinByRequest=null, hasRestrictedVoiceAndVideoMessages=null, isForum=null, activeUsernames=null, emojiStatusCustomEmojiId=null, hasAggressiveAntiSpamEnabled=null, hasHiddenMembers=null, emojiStatusExpirationDate=null, availableReactions=null, accentColorId=null, backgroundCustomEmojiId=null, profileAccentColorId=null, profileBackgroundCustomEmojiId=null, hasVisibleHistory=null), forwardFrom=null, forwardFromChat=null, forwardDate=null, text=мде а сами преподы не говорят статьи писать? типо чтобы был шанс обскакать идиота со стороны., entities=null, captionEntities=null, audio=null, document=null, photo=null, sticker=null, video=null, contact=null, location=null, venue=null, animation=null, pinnedMessage=null, newChatMembers=[], leftChatMember=null, newChatTitle=null, newChatPhoto=null, deleteChatPhoto=null, groupchatCreated=null, replyToMessage=null, voice=null, caption=null, superGroupCreated=null, channelChatCreated=null, migrateToChatId=null, migrateFromChatId=null, editDate=null, game=null, forwardFromMessageId=null, invoice=null, successfulPayment=null, videoNote=null, authorSignature=null, forwardSignature=null, mediaGroupId=null, connectedWebsite=null, passportData=null, forwardSenderName=null, poll=null, replyMarkup=null, dice=null, viaBot=null, senderChat=null, proximityAlertTriggered=null, messageAutoDeleteTimerChanged=null, isAutomaticForward=null, hasProtectedContent=null, webAppData=null, videoChatStarted=null, videoChatEnded=null, videoChatParticipantsInvited=null, videoChatScheduled=null, isTopicMessage=null, forumTopicCreated=null, forumTopicClosed=null, forumTopicReopened=null, forumTopicEdited=null, generalForumTopicHidden=null, generalForumTopicUnhidden=null, writeAccessAllowed=null, hasMediaSpoiler=null, userShared=null, chatShared=null, story=null, externalReplyInfo=null, forwardOrigin=null, linkPreviewOptions=null, quote=null, usersShared=null, giveawayCreated=null, giveaway=null, giveawayWinners=null, giveawayCompleted=null)
2024-02-08 13:34:19,589 INFO r.t.t.u.NetworkUtils [PshikPshikkBot Telegram Executor] Отправили вк: мде а сами преподы не говорят статьи писать? типо чтобы был шанс обскакать идиота со стороны.
2024-02-08 13:34:41,091 INFO r.t.t.u.CommonUtils [Thread-2] 
Получили из вк {"ts":"594","updates":[]}
2024-02-08 13:35:04,341 INFO r.t.t.u.CommonUtils [Thread-2] 
Получили из вк {"ts":"595","updates":[{"group_id":215303360,"type":"message_new","event_id":"00c7a94150d6f8c8ba7994c51c28be70932fb11d","v":"5.131","object":{"message":{"date":1707388504,"from_id":178952520,"id":0,"out":0,"version":10000446,"attachments":[],"conversation_message_id":405287,"fwd_messages":[],"important":false,"is_hidden":false,"peer_id":2000000003,"random_id":0,"text":"нет)","is_unavailable":true},"client_info":{"button_actions":["text","vkpay","open_app","location","open_link","callback","intent_subscribe","intent_unsubscribe"],"keyboard":true,"inline_keyboard":true,"carousel":true,"lang_id":0}}}]}
2024-02-08 13:35:05,025 INFO r.t.t.t.TelegramBot [Thread-2] Отправили в телеграм SendMessage(chatId=1186923362, messageThreadId=null, text=[#длютровик]
Андрей Пухов (08.02 13:35)

нет), parseMode=null, disableWebPagePreview=null, disableNotification=null, replyToMessageId=null, replyMarkup=null, entities=null, allowSendingWithoutReply=null, protectContent=null, linkPreviewOptions=null, replyParameters=null)
2024-02-08 13:35:10,627 INFO r.t.t.u.CommonUtils [Thread-2] 
Получили из вк {"ts":"596","updates":[{"group_id":215303360,"type":"message_new","event_id":"1b7fe0e16db891f8ce6a395d36deeb235d71cc3e","v":"5.131","object":{"message":{"date":1707388510,"from_id":178952520,"id":0,"out":0,"version":10000446,"attachments":[],"conversation_message_id":405288,"fwd_messages":[],"important":false,"is_hidden":false,"peer_id":2000000003,"random_id":0,"text":"они понимают, что нам некогда","is_unavailable":true},"client_info":{"button_actions":["text","vkpay","open_app","location","open_link","callback","intent_subscribe","intent_unsubscribe"],"keyboard":true,"inline_keyboard":true,"carousel":true,"lang_id":0}}}]}
2024-02-08 13:35:10,898 INFO r.t.t.t.TelegramBot [Thread-2] Отправили в телеграм SendMessage(chatId=1186923362, messageThreadId=null, text=[#длютровик]
Андрей Пухов (08.02 13:35)

они понимают, что нам некогда, parseMode=null, disableWebPagePreview=null, disableNotification=null, replyToMessageId=null, replyMarkup=null, entities=null, allowSendingWithoutReply=null, protectContent=null, linkPreviewOptions=null, replyParameters=null)
2024-02-08 13:35:13,652 INFO r.t.t.u.CommonUtils [Thread-2] 
Получили из вк {"ts":"597","updates":[{"group_id":215303360,"type":"message_new","event_id":"bb21fe2dc52a138beec613b728e0773a3c8a7e31","v":"5.131","object":{"message":{"date":1707388511,"from_id":178952520,"id":0,"out":0,"version":10000446,"attachments":[],"conversation_message_id":405289,"fwd_messages":[],"important":false,"is_hidden":false,"peer_id":2000000003,"random_id":0,"text":"ору","is_unavailable":true},"client_info":{"button_actions":["text","vkpay","open_app","location","open_link","callback","intent_subscribe","intent_unsubscribe"],"keyboard":true,"inline_keyboard":true,"carousel":true,"lang_id":0}}}]}
2024-02-08 13:35:14,109 INFO r.t.t.t.TelegramBot [Thread-2] Отправили в телеграм SendMessage(chatId=1186923362, messageThreadId=null, text=[#длютровик]
Андрей Пухов (08.02 13:35)

ору, parseMode=null, disableWebPagePreview=null, disableNotification=null, replyToMessageId=null, replyMarkup=null, entities=null, allowSendingWithoutReply=null, protectContent=null, linkPreviewOptions=null, replyParameters=null)
2024-02-08 13:35:27,272 INFO r.t.t.t.TelegramBot [PshikPshikkBot Telegram Executor] Получили из Telegram Message(messageId=1220, messageThreadId=null, from=User(id=1186923362, firstName=Andrey, isBot=false, lastName=Oskin, userName=rreshrr, languageCode=en, canJoinGroups=null, canReadAllGroupMessages=null, supportInlineQueries=null, isPremium=null, addedToAttachmentMenu=null), date=1707388526, chat=Chat(id=1186923362, type=private, title=null, firstName=Andrey, lastName=Oskin, userName=rreshrr, photo=null, description=null, inviteLink=null, pinnedMessage=null, stickerSetName=null, canSetStickerSet=null, permissions=null, slowModeDelay=null, bio=null, linkedChatId=null, location=null, messageAutoDeleteTime=null, hasPrivateForwards=null, HasProtectedContent=null, joinToSendMessages=null, joinByRequest=null, hasRestrictedVoiceAndVideoMessages=null, isForum=null, activeUsernames=null, emojiStatusCustomEmojiId=null, hasAggressiveAntiSpamEnabled=null, hasHiddenMembers=null, emojiStatusExpirationDate=null, availableReactions=null, accentColorId=null, backgroundCustomEmojiId=null, profileAccentColorId=null, profileBackgroundCustomEmojiId=null, hasVisibleHistory=null), forwardFrom=null, forwardFromChat=null, forwardDate=null, text=фаново..., entities=null, captionEntities=null, audio=null, document=null, photo=null, sticker=null, video=null, contact=null, location=null, venue=null, animation=null, pinnedMessage=null, newChatMembers=[], leftChatMember=null, newChatTitle=null, newChatPhoto=null, deleteChatPhoto=null, groupchatCreated=null, replyToMessage=null, voice=null, caption=null, superGroupCreated=null, channelChatCreated=null, migrateToChatId=null, migrateFromChatId=null, editDate=null, game=null, forwardFromMessageId=null, invoice=null, successfulPayment=null, videoNote=null, authorSignature=null, forwardSignature=null, mediaGroupId=null, connectedWebsite=null, passportData=null, forwardSenderName=null, poll=null, replyMarkup=null, dice=null, viaBot=null, senderChat=null, proximityAlertTriggered=null, messageAutoDeleteTimerChanged=null, isAutomaticForward=null, hasProtectedContent=null, webAppData=null, videoChatStarted=null, videoChatEnded=null, videoChatParticipantsInvited=null, videoChatScheduled=null, isTopicMessage=null, forumTopicCreated=null, forumTopicClosed=null, forumTopicReopened=null, forumTopicEdited=null, generalForumTopicHidden=null, generalForumTopicUnhidden=null, writeAccessAllowed=null, hasMediaSpoiler=null, userShared=null, chatShared=null, story=null, externalReplyInfo=null, forwardOrigin=null, linkPreviewOptions=null, quote=null, usersShared=null, giveawayCreated=null, giveaway=null, giveawayWinners=null, giveawayCompleted=null)
2024-02-08 13:35:27,276 INFO r.t.t.u.NetworkUtils [PshikPshikkBot Telegram Executor] Отправили вк: фаново...
2024-02-08 13:35:32,479 INFO r.t.t.u.CommonUtils [Thread-2] 
Получили из вк {"ts":"598","updates":[{"group_id":215303360,"type":"message_new","event_id":"a214582e8d1276d04837fdeff5c418bac8f95a80","v":"5.131","object":{"message":{"date":1707388532,"from_id":298896774,"id":217,"out":0,"version":10000448,"attachments":[],"conversation_message_id":191,"fwd_messages":[],"important":false,"is_hidden":false,"peer_id":298896774,"random_id":0,"text":"слышь пупс"},"client_info":{"button_actions":["text","vkpay","open_app","location","open_link","callback","intent_subscribe","intent_unsubscribe"],"keyboard":true,"inline_keyboard":true,"carousel":true,"lang_id":0}}}]}
2024-02-08 13:35:32,724 INFO r.t.t.t.TelegramBot [Thread-2] Отправили в телеграм SendMessage(chatId=1186923362, messageThreadId=null, text=[#диалог_с_собой]
Андрей Оськин (08.02 13:35)

слышь пупс, parseMode=null, disableWebPagePreview=null, disableNotification=null, replyToMessageId=null, replyMarkup=null, entities=null, allowSendingWithoutReply=null, protectContent=null, linkPreviewOptions=null, replyParameters=null)
2024-02-08 13:35:38,947 INFO r.t.t.u.CommonUtils [Thread-2] 
Получили из вк {"ts":"599","updates":[{"group_id":215303360,"type":"message_new","event_id":"8ba2f0ab43806c98c3cdc6c1a2347baacaf9cf68","v":"5.131","object":{"message":{"date":1707388538,"from_id":178952520,"id":0,"out":0,"version":10000448,"attachments":[],"conversation_message_id":405291,"fwd_messages":[],"important":false,"is_hidden":false,"peer_id":2000000003,"random_id":0,"text":"ну он говорит, что заваливался чел, у которого чисто на работе мужик какой-то там статьедрочер","is_unavailable":true},"client_info":{"button_actions":["text","vkpay","open_app","location","open_link","callback","intent_subscribe","intent_unsubscribe"],"keyboard":true,"inline_keyboard":true,"carousel":true,"lang_id":0}}}]}
2024-02-08 13:35:39,355 INFO r.t.t.t.TelegramBot [Thread-2] Отправили в телеграм SendMessage(chatId=1186923362, messageThreadId=null, text=[#длютровик]
Андрей Пухов (08.02 13:35)

ну он говорит, что заваливался чел, у которого чисто на работе мужик какой-то там статьедрочер, parseMode=null, disableWebPagePreview=null, disableNotification=null, replyToMessageId=null, replyMarkup=null, entities=null, allowSendingWithoutReply=null, protectContent=null, linkPreviewOptions=null, replyParameters=null)
2024-02-08 13:35:41,474 INFO r.t.t.t.TelegramBot [PshikPshikkBot Telegram Executor] Получили из Telegram Message(messageId=1223, messageThreadId=null, from=User(id=1186923362, firstName=Andrey, isBot=false, lastName=Oskin, userName=rreshrr, languageCode=en, canJoinGroups=null, canReadAllGroupMessages=null, supportInlineQueries=null, isPremium=null, addedToAttachmentMenu=null), date=1707388541, chat=Chat(id=1186923362, type=private, title=null, firstName=Andrey, lastName=Oskin, userName=rreshrr, photo=null, description=null, inviteLink=null, pinnedMessage=null, stickerSetName=null, canSetStickerSet=null, permissions=null, slowModeDelay=null, bio=null, linkedChatId=null, location=null, messageAutoDeleteTime=null, hasPrivateForwards=null, HasProtectedContent=null, joinToSendMessages=null, joinByRequest=null, hasRestrictedVoiceAndVideoMessages=null, isForum=null, activeUsernames=null, emojiStatusCustomEmojiId=null, hasAggressiveAntiSpamEnabled=null, hasHiddenMembers=null, emojiStatusExpirationDate=null, availableReactions=null, accentColorId=null, backgroundCustomEmojiId=null, profileAccentColorId=null, profileBackgroundCustomEmojiId=null, hasVisibleHistory=null), forwardFrom=null, forwardFromChat=null, forwardDate=null, text=#диалог_с_собой, entities=[MessageEntity(type=hashtag, offset=0, length=15, url=null, user=null, language=null, customEmojiId=null, text=#диалог_с_собой)], captionEntities=null, audio=null, document=null, photo=null, sticker=null, video=null, contact=null, location=null, venue=null, animation=null, pinnedMessage=null, newChatMembers=[], leftChatMember=null, newChatTitle=null, newChatPhoto=null, deleteChatPhoto=null, groupchatCreated=null, replyToMessage=null, voice=null, caption=null, superGroupCreated=null, channelChatCreated=null, migrateToChatId=null, migrateFromChatId=null, editDate=null, game=null, forwardFromMessageId=null, invoice=null, successfulPayment=null, videoNote=null, authorSignature=null, forwardSignature=null, mediaGroupId=null, connectedWebsite=null, passportData=null, forwardSenderName=null, poll=null, replyMarkup=null, dice=null, viaBot=null, senderChat=null, proximityAlertTriggered=null, messageAutoDeleteTimerChanged=null, isAutomaticForward=null, hasProtectedContent=null, webAppData=null, videoChatStarted=null, videoChatEnded=null, videoChatParticipantsInvited=null, videoChatScheduled=null, isTopicMessage=null, forumTopicCreated=null, forumTopicClosed=null, forumTopicReopened=null, forumTopicEdited=null, generalForumTopicHidden=null, generalForumTopicUnhidden=null, writeAccessAllowed=null, hasMediaSpoiler=null, userShared=null, chatShared=null, story=null, externalReplyInfo=null, forwardOrigin=null, linkPreviewOptions=null, quote=null, usersShared=null, giveawayCreated=null, giveaway=null, giveawayWinners=null, giveawayCompleted=null)
2024-02-08 13:35:41,480 INFO r.t.t.u.TransferUtils [PshikPshikkBot Telegram Executor] Чат диалог_с_собой (298896774) был выбран активным
2024-02-08 13:35:41,813 INFO r.t.t.t.TelegramBot [PshikPshikkBot Telegram Executor] Отправили в телеграм SendMessage(chatId=1186923362, messageThreadId=null, text=Чат диалог_с_собой выбран активным! Любое отправленное сообщение улетит прямиком туда, parseMode=null, disableWebPagePreview=null, disableNotification=null, replyToMessageId=null, replyMarkup=null, entities=null, allowSendingWithoutReply=null, protectContent=null, linkPreviewOptions=null, replyParameters=null)
2024-02-08 13:35:44,168 INFO r.t.t.t.TelegramBot [PshikPshikkBot Telegram Executor] Получили из Telegram Message(messageId=1225, messageThreadId=null, from=User(id=1186923362, firstName=Andrey, isBot=false, lastName=Oskin, userName=rreshrr, languageCode=en, canJoinGroups=null, canReadAllGroupMessages=null, supportInlineQueries=null, isPremium=null, addedToAttachmentMenu=null), date=1707388543, chat=Chat(id=1186923362, type=private, title=null, firstName=Andrey, lastName=Oskin, userName=rreshrr, photo=null, description=null, inviteLink=null, pinnedMessage=null, stickerSetName=null, canSetStickerSet=null, permissions=null, slowModeDelay=null, bio=null, linkedChatId=null, location=null, messageAutoDeleteTime=null, hasPrivateForwards=null, HasProtectedContent=null, joinToSendMessages=null, joinByRequest=null, hasRestrictedVoiceAndVideoMessages=null, isForum=null, activeUsernames=null, emojiStatusCustomEmojiId=null, hasAggressiveAntiSpamEnabled=null, hasHiddenMembers=null, emojiStatusExpirationDate=null, availableReactions=null, accentColorId=null, backgroundCustomEmojiId=null, profileAccentColorId=null, profileBackgroundCustomEmojiId=null, hasVisibleHistory=null), forwardFrom=null, forwardFromChat=null, forwardDate=null, text=ауе, entities=null, captionEntities=null, audio=null, document=null, photo=null, sticker=null, video=null, contact=null, location=null, venue=null, animation=null, pinnedMessage=null, newChatMembers=[], leftChatMember=null, newChatTitle=null, newChatPhoto=null, deleteChatPhoto=null, groupchatCreated=null, replyToMessage=null, voice=null, caption=null, superGroupCreated=null, channelChatCreated=null, migrateToChatId=null, migrateFromChatId=null, editDate=null, game=null, forwardFromMessageId=null, invoice=null, successfulPayment=null, videoNote=null, authorSignature=null, forwardSignature=null, mediaGroupId=null, connectedWebsite=null, passportData=null, forwardSenderName=null, poll=null, replyMarkup=null, dice=null, viaBot=null, senderChat=null, proximityAlertTriggered=null, messageAutoDeleteTimerChanged=null, isAutomaticForward=null, hasProtectedContent=null, webAppData=null, videoChatStarted=null, videoChatEnded=null, videoChatParticipantsInvited=null, videoChatScheduled=null, isTopicMessage=null, forumTopicCreated=null, forumTopicClosed=null, forumTopicReopened=null, forumTopicEdited=null, generalForumTopicHidden=null, generalForumTopicUnhidden=null, writeAccessAllowed=null, hasMediaSpoiler=null, userShared=null, chatShared=null, story=null, externalReplyInfo=null, forwardOrigin=null, linkPreviewOptions=null, quote=null, usersShared=null, giveawayCreated=null, giveaway=null, giveawayWinners=null, giveawayCompleted=null)
2024-02-08 13:35:44,171 INFO r.t.t.u.NetworkUtils [PshikPshikkBot Telegram Executor] Отправили вк: ауе
2024-02-08 13:35:47,753 INFO r.t.t.u.CommonUtils [Thread-2] 
Получили из вк {"ts":"600","updates":[{"group_id":215303360,"type":"message_new","event_id":"c4386f4c1c12a0255bcd3e19f4f0761c723a16e1","v":"5.131","object":{"message":{"date":1707388547,"from_id":178952520,"id":0,"out":0,"version":10000451,"attachments":[],"conversation_message_id":405292,"fwd_messages":[],"important":false,"is_hidden":false,"peer_id":2000000003,"random_id":0,"text":"и тупо его вписывал всюду в соавторы","is_unavailable":true},"client_info":{"button_actions":["text","vkpay","open_app","location","open_link","callback","intent_subscribe","intent_unsubscribe"],"keyboard":true,"inline_keyboard":true,"carousel":true,"lang_id":0}}}]}
2024-02-08 13:35:48,013 INFO r.t.t.t.TelegramBot [Thread-2] Отправили в телеграм SendMessage(chatId=1186923362, messageThreadId=null, text=[#длютровик]
Андрей Пухов (08.02 13:35)

и тупо его вписывал всюду в соавторы, parseMode=null, disableWebPagePreview=null, disableNotification=null, replyToMessageId=null, replyMarkup=null, entities=null, allowSendingWithoutReply=null, protectContent=null, linkPreviewOptions=null, replyParameters=null)
2024-02-08 13:35:51,951 INFO r.t.t.u.CommonUtils [Thread-2] 
Получили из вк {"ts":"601","updates":[{"group_id":215303360,"type":"message_new","event_id":"3a2051d6a6f2abc9dcfa5705c96dc3bb1bf17583","v":"5.131","object":{"message":{"date":1707388551,"from_id":178952520,"id":0,"out":0,"version":10000451,"attachments":[],"conversation_message_id":405293,"fwd_messages":[],"important":false,"is_hidden":false,"peer_id":2000000003,"random_id":0,"text":"ну пгас момент","is_unavailable":true},"client_info":{"button_actions":["text","vkpay","open_app","location","open_link","callback","intent_subscribe","intent_unsubscribe"],"keyboard":true,"inline_keyboard":true,"carousel":true,"lang_id":0}}}]}
2024-02-08 13:35:52,360 INFO r.t.t.t.TelegramBot [Thread-2] Отправили в телеграм SendMessage(chatId=1186923362, messageThreadId=null, text=[#длютровик]
Андрей Пухов (08.02 13:35)

ну пгас момент, parseMode=null, disableWebPagePreview=null, disableNotification=null, replyToMessageId=null, replyMarkup=null, entities=null, allowSendingWithoutReply=null, protectContent=null, linkPreviewOptions=null, replyParameters=null)
2024-02-08 13:36:04,036 INFO r.t.t.t.TelegramBot [PshikPshikkBot Telegram Executor] Получили из Telegram Message(messageId=1228, messageThreadId=null, from=User(id=1186923362, firstName=Andrey, isBot=false, lastName=Oskin, userName=rreshrr, languageCode=en, canJoinGroups=null, canReadAllGroupMessages=null, supportInlineQueries=null, isPremium=null, addedToAttachmentMenu=null), date=1707388563, chat=Chat(id=1186923362, type=private, title=null, firstName=Andrey, lastName=Oskin, userName=rreshrr, photo=null, description=null, inviteLink=null, pinnedMessage=null, stickerSetName=null, canSetStickerSet=null, permissions=null, slowModeDelay=null, bio=null, linkedChatId=null, location=null, messageAutoDeleteTime=null, hasPrivateForwards=null, HasProtectedContent=null, joinToSendMessages=null, joinByRequest=null, hasRestrictedVoiceAndVideoMessages=null, isForum=null, activeUsernames=null, emojiStatusCustomEmojiId=null, hasAggressiveAntiSpamEnabled=null, hasHiddenMembers=null, emojiStatusExpirationDate=null, availableReactions=null, accentColorId=null, backgroundCustomEmojiId=null, profileAccentColorId=null, profileBackgroundCustomEmojiId=null, hasVisibleHistory=null), forwardFrom=null, forwardFromChat=null, forwardDate=null, text=#длютровик, entities=[MessageEntity(type=hashtag, offset=0, length=10, url=null, user=null, language=null, customEmojiId=null, text=#длютровик)], captionEntities=null, audio=null, document=null, photo=null, sticker=null, video=null, contact=null, location=null, venue=null, animation=null, pinnedMessage=null, newChatMembers=[], leftChatMember=null, newChatTitle=null, newChatPhoto=null, deleteChatPhoto=null, groupchatCreated=null, replyToMessage=null, voice=null, caption=null, superGroupCreated=null, channelChatCreated=null, migrateToChatId=null, migrateFromChatId=null, editDate=null, game=null, forwardFromMessageId=null, invoice=null, successfulPayment=null, videoNote=null, authorSignature=null, forwardSignature=null, mediaGroupId=null, connectedWebsite=null, passportData=null, forwardSenderName=null, poll=null, replyMarkup=null, dice=null, viaBot=null, senderChat=null, proximityAlertTriggered=null, messageAutoDeleteTimerChanged=null, isAutomaticForward=null, hasProtectedContent=null, webAppData=null, videoChatStarted=null, videoChatEnded=null, videoChatParticipantsInvited=null, videoChatScheduled=null, isTopicMessage=null, forumTopicCreated=null, forumTopicClosed=null, forumTopicReopened=null, forumTopicEdited=null, generalForumTopicHidden=null, generalForumTopicUnhidden=null, writeAccessAllowed=null, hasMediaSpoiler=null, userShared=null, chatShared=null, story=null, externalReplyInfo=null, forwardOrigin=null, linkPreviewOptions=null, quote=null, usersShared=null, giveawayCreated=null, giveaway=null, giveawayWinners=null, giveawayCompleted=null)
2024-02-08 13:36:04,042 INFO r.t.t.u.TransferUtils [PshikPshikkBot Telegram Executor] Чат длютровик (2000000003) был выбран активным
2024-02-08 13:36:04,341 INFO r.t.t.t.TelegramBot [PshikPshikkBot Telegram Executor] Отправили в телеграм SendMessage(chatId=1186923362, messageThreadId=null, text=Чат длютровик выбран активным! Любое отправленное сообщение улетит прямиком туда, parseMode=null, disableWebPagePreview=null, disableNotification=null, replyToMessageId=null, replyMarkup=null, entities=null, allowSendingWithoutReply=null, protectContent=null, linkPreviewOptions=null, replyParameters=null)
2024-02-08 13:36:06,802 INFO r.t.t.t.TelegramBot [PshikPshikkBot Telegram Executor] Получили из Telegram Message(messageId=1230, messageThreadId=null, from=User(id=1186923362, firstName=Andrey, isBot=false, lastName=Oskin, userName=rreshrr, languageCode=en, canJoinGroups=null, canReadAllGroupMessages=null, supportInlineQueries=null, isPremium=null, addedToAttachmentMenu=null), date=1707388566, chat=Chat(id=1186923362, type=private, title=null, firstName=Andrey, lastName=Oskin, userName=rreshrr, photo=null, description=null, inviteLink=null, pinnedMessage=null, stickerSetName=null, canSetStickerSet=null, permissions=null, slowModeDelay=null, bio=null, linkedChatId=null, location=null, messageAutoDeleteTime=null, hasPrivateForwards=null, HasProtectedContent=null, joinToSendMessages=null, joinByRequest=null, hasRestrictedVoiceAndVideoMessages=null, isForum=null, activeUsernames=null, emojiStatusCustomEmojiId=null, hasAggressiveAntiSpamEnabled=null, hasHiddenMembers=null, emojiStatusExpirationDate=null, availableReactions=null, accentColorId=null, backgroundCustomEmojiId=null, profileAccentColorId=null, profileBackgroundCustomEmojiId=null, hasVisibleHistory=null), forwardFrom=null, forwardFromChat=null, forwardDate=null, text=ахахахах, entities=null, captionEntities=null, audio=null, document=null, photo=null, sticker=null, video=null, contact=null, location=null, venue=null, animation=null, pinnedMessage=null, newChatMembers=[], leftChatMember=null, newChatTitle=null, newChatPhoto=null, deleteChatPhoto=null, groupchatCreated=null, replyToMessage=null, voice=null, caption=null, superGroupCreated=null, channelChatCreated=null, migrateToChatId=null, migrateFromChatId=null, editDate=null, game=null, forwardFromMessageId=null, invoice=null, successfulPayment=null, videoNote=null, authorSignature=null, forwardSignature=null, mediaGroupId=null, connectedWebsite=null, passportData=null, forwardSenderName=null, poll=null, replyMarkup=null, dice=null, viaBot=null, senderChat=null, proximityAlertTriggered=null, messageAutoDeleteTimerChanged=null, isAutomaticForward=null, hasProtectedContent=null, webAppData=null, videoChatStarted=null, videoChatEnded=null, videoChatParticipantsInvited=null, videoChatScheduled=null, isTopicMessage=null, forumTopicCreated=null, forumTopicClosed=null, forumTopicReopened=null, forumTopicEdited=null, generalForumTopicHidden=null, generalForumTopicUnhidden=null, writeAccessAllowed=null, hasMediaSpoiler=null, userShared=null, chatShared=null, story=null, externalReplyInfo=null, forwardOrigin=null, linkPreviewOptions=null, quote=null, usersShared=null, giveawayCreated=null, giveaway=null, giveawayWinners=null, giveawayCompleted=null)
2024-02-08 13:36:06,805 INFO r.t.t.u.NetworkUtils [PshikPshikkBot Telegram Executor] Отправили вк: ахахахах
2024-02-08 13:36:10,528 INFO r.t.t.t.TelegramBot [PshikPshikkBot Telegram Executor] Получили из Telegram Message(messageId=1231, messageThreadId=null, from=User(id=1186923362, firstName=Andrey, isBot=false, lastName=Oskin, userName=rreshrr, languageCode=en, canJoinGroups=null, canReadAllGroupMessages=null, supportInlineQueries=null, isPremium=null, addedToAttachmentMenu=null), date=1707388570, chat=Chat(id=1186923362, type=private, title=null, firstName=Andrey, lastName=Oskin, userName=rreshrr, photo=null, description=null, inviteLink=null, pinnedMessage=null, stickerSetName=null, canSetStickerSet=null, permissions=null, slowModeDelay=null, bio=null, linkedChatId=null, location=null, messageAutoDeleteTime=null, hasPrivateForwards=null, HasProtectedContent=null, joinToSendMessages=null, joinByRequest=null, hasRestrictedVoiceAndVideoMessages=null, isForum=null, activeUsernames=null, emojiStatusCustomEmojiId=null, hasAggressiveAntiSpamEnabled=null, hasHiddenMembers=null, emojiStatusExpirationDate=null, availableReactions=null, accentColorId=null, backgroundCustomEmojiId=null, profileAccentColorId=null, profileBackgroundCustomEmojiId=null, hasVisibleHistory=null), forwardFrom=null, forwardFromChat=null, forwardDate=null, text=ну да антон так делает, entities=null, captionEntities=null, audio=null, document=null, photo=null, sticker=null, video=null, contact=null, location=null, venue=null, animation=null, pinnedMessage=null, newChatMembers=[], leftChatMember=null, newChatTitle=null, newChatPhoto=null, deleteChatPhoto=null, groupchatCreated=null, replyToMessage=null, voice=null, caption=null, superGroupCreated=null, channelChatCreated=null, migrateToChatId=null, migrateFromChatId=null, editDate=null, game=null, forwardFromMessageId=null, invoice=null, successfulPayment=null, videoNote=null, authorSignature=null, forwardSignature=null, mediaGroupId=null, connectedWebsite=null, passportData=null, forwardSenderName=null, poll=null, replyMarkup=null, dice=null, viaBot=null, senderChat=null, proximityAlertTriggered=null, messageAutoDeleteTimerChanged=null, isAutomaticForward=null, hasProtectedContent=null, webAppData=null, videoChatStarted=null, videoChatEnded=null, videoChatParticipantsInvited=null, videoChatScheduled=null, isTopicMessage=null, forumTopicCreated=null, forumTopicClosed=null, forumTopicReopened=null, forumTopicEdited=null, generalForumTopicHidden=null, generalForumTopicUnhidden=null, writeAccessAllowed=null, hasMediaSpoiler=null, userShared=null, chatShared=null, story=null, externalReplyInfo=null, forwardOrigin=null, linkPreviewOptions=null, quote=null, usersShared=null, giveawayCreated=null, giveaway=null, giveawayWinners=null, giveawayCompleted=null)
2024-02-08 13:36:10,531 INFO r.t.t.u.NetworkUtils [PshikPshikkBot Telegram Executor] Отправили вк: ну да антон так делает
2024-02-08 13:36:20,009 INFO r.t.t.u.CommonUtils [Thread-2] 
Получили из вк {"ts":"601","updates":[]}
2024-02-08 13:36:27,995 INFO r.t.t.t.TelegramBot [PshikPshikkBot Telegram Executor] Получили из Telegram Message(messageId=1232, messageThreadId=null, from=User(id=1186923362, firstName=Andrey, isBot=false, lastName=Oskin, userName=rreshrr, languageCode=en, canJoinGroups=null, canReadAllGroupMessages=null, supportInlineQueries=null, isPremium=null, addedToAttachmentMenu=null), date=1707388587, chat=Chat(id=1186923362, type=private, title=null, firstName=Andrey, lastName=Oskin, userName=rreshrr, photo=null, description=null, inviteLink=null, pinnedMessage=null, stickerSetName=null, canSetStickerSet=null, permissions=null, slowModeDelay=null, bio=null, linkedChatId=null, location=null, messageAutoDeleteTime=null, hasPrivateForwards=null, HasProtectedContent=null, joinToSendMessages=null, joinByRequest=null, hasRestrictedVoiceAndVideoMessages=null, isForum=null, activeUsernames=null, emojiStatusCustomEmojiId=null, hasAggressiveAntiSpamEnabled=null, hasHiddenMembers=null, emojiStatusExpirationDate=null, availableReactions=null, accentColorId=null, backgroundCustomEmojiId=null, profileAccentColorId=null, profileBackgroundCustomEmojiId=null, hasVisibleHistory=null), forwardFrom=null, forwardFromChat=null, forwardDate=null, text=он там уже год назад статей хуярил больше чем молодые преподы и без научрука, entities=null, captionEntities=null, audio=null, document=null, photo=null, sticker=null, video=null, contact=null, location=null, venue=null, animation=null, pinnedMessage=null, newChatMembers=[], leftChatMember=null, newChatTitle=null, newChatPhoto=null, deleteChatPhoto=null, groupchatCreated=null, replyToMessage=null, voice=null, caption=null, superGroupCreated=null, channelChatCreated=null, migrateToChatId=null, migrateFromChatId=null, editDate=null, game=null, forwardFromMessageId=null, invoice=null, successfulPayment=null, videoNote=null, authorSignature=null, forwardSignature=null, mediaGroupId=null, connectedWebsite=null, passportData=null, forwardSenderName=null, poll=null, replyMarkup=null, dice=null, viaBot=null, senderChat=null, proximityAlertTriggered=null, messageAutoDeleteTimerChanged=null, isAutomaticForward=null, hasProtectedContent=null, webAppData=null, videoChatStarted=null, videoChatEnded=null, videoChatParticipantsInvited=null, videoChatScheduled=null, isTopicMessage=null, forumTopicCreated=null, forumTopicClosed=null, forumTopicReopened=null, forumTopicEdited=null, generalForumTopicHidden=null, generalForumTopicUnhidden=null, writeAccessAllowed=null, hasMediaSpoiler=null, userShared=null, chatShared=null, story=null, externalReplyInfo=null, forwardOrigin=null, linkPreviewOptions=null, quote=null, usersShared=null, giveawayCreated=null, giveaway=null, giveawayWinners=null, giveawayCompleted=null)
2024-02-08 13:36:27,997 INFO r.t.t.u.NetworkUtils [PshikPshikkBot Telegram Executor] Отправили вк: он там уже год назад статей хуярил больше чем молодые преподы и без научрука
2024-02-08 13:36:34,959 INFO r.t.t.t.TelegramBot [PshikPshikkBot Telegram Executor] Получили из Telegram Message(messageId=1233, messageThreadId=null, from=User(id=1186923362, firstName=Andrey, isBot=false, lastName=Oskin, userName=rreshrr, languageCode=en, canJoinGroups=null, canReadAllGroupMessages=null, supportInlineQueries=null, isPremium=null, addedToAttachmentMenu=null), date=1707388594, chat=Chat(id=1186923362, type=private, title=null, firstName=Andrey, lastName=Oskin, userName=rreshrr, photo=null, description=null, inviteLink=null, pinnedMessage=null, stickerSetName=null, canSetStickerSet=null, permissions=null, slowModeDelay=null, bio=null, linkedChatId=null, location=null, messageAutoDeleteTime=null, hasPrivateForwards=null, HasProtectedContent=null, joinToSendMessages=null, joinByRequest=null, hasRestrictedVoiceAndVideoMessages=null, isForum=null, activeUsernames=null, emojiStatusCustomEmojiId=null, hasAggressiveAntiSpamEnabled=null, hasHiddenMembers=null, emojiStatusExpirationDate=null, availableReactions=null, accentColorId=null, backgroundCustomEmojiId=null, profileAccentColorId=null, profileBackgroundCustomEmojiId=null, hasVisibleHistory=null), forwardFrom=null, forwardFromChat=null, forwardDate=null, text=а сейчас ещё чатжпт подключил, entities=null, captionEntities=null, audio=null, document=null, photo=null, sticker=null, video=null, contact=null, location=null, venue=null, animation=null, pinnedMessage=null, newChatMembers=[], leftChatMember=null, newChatTitle=null, newChatPhoto=null, deleteChatPhoto=null, groupchatCreated=null, replyToMessage=null, voice=null, caption=null, superGroupCreated=null, channelChatCreated=null, migrateToChatId=null, migrateFromChatId=null, editDate=null, game=null, forwardFromMessageId=null, invoice=null, successfulPayment=null, videoNote=null, authorSignature=null, forwardSignature=null, mediaGroupId=null, connectedWebsite=null, passportData=null, forwardSenderName=null, poll=null, replyMarkup=null, dice=null, viaBot=null, senderChat=null, proximityAlertTriggered=null, messageAutoDeleteTimerChanged=null, isAutomaticForward=null, hasProtectedContent=null, webAppData=null, videoChatStarted=null, videoChatEnded=null, videoChatParticipantsInvited=null, videoChatScheduled=null, isTopicMessage=null, forumTopicCreated=null, forumTopicClosed=null, forumTopicReopened=null, forumTopicEdited=null, generalForumTopicHidden=null, generalForumTopicUnhidden=null, writeAccessAllowed=null, hasMediaSpoiler=null, userShared=null, chatShared=null, story=null, externalReplyInfo=null, forwardOrigin=null, linkPreviewOptions=null, quote=null, usersShared=null, giveawayCreated=null, giveaway=null, giveawayWinners=null, giveawayCompleted=null)
2024-02-08 13:36:34,961 INFO r.t.t.u.NetworkUtils [PshikPshikkBot Telegram Executor] Отправили вк: а сейчас ещё чатжпт подключил
2024-02-08 13:36:35,266 INFO r.t.t.u.CommonUtils [Thread-2] 
Получили из вк {"ts":"602","updates":[{"group_id":215303360,"type":"message_new","event_id":"5de5dcbdf5c9440eb9d7e9404b320b0020142d71","v":"5.131","object":{"message":{"date":1707388595,"from_id":178952520,"id":0,"out":0,"version":10000451,"attachments":[],"conversation_message_id":405297,"fwd_messages":[],"important":false,"is_hidden":false,"peer_id":2000000003,"random_id":0,"text":"дада","is_unavailable":true},"client_info":{"button_actions":["text","vkpay","open_app","location","open_link","callback","intent_subscribe","intent_unsubscribe"],"keyboard":true,"inline_keyboard":true,"carousel":true,"lang_id":0}}}]}
2024-02-08 13:36:35,658 INFO r.t.t.t.TelegramBot [Thread-2] Отправили в телеграм SendMessage(chatId=1186923362, messageThreadId=null, text=[#длютровик]
Андрей Пухов (08.02 13:36)

дада, parseMode=null, disableWebPagePreview=null, disableNotification=null, replyToMessageId=null, replyMarkup=null, entities=null, allowSendingWithoutReply=null, protectContent=null, linkPreviewOptions=null, replyParameters=null)
2024-02-08 13:36:45,204 INFO r.t.t.t.TelegramBot [PshikPshikkBot Telegram Executor] Получили из Telegram Message(messageId=1235, messageThreadId=null, from=User(id=1186923362, firstName=Andrey, isBot=false, lastName=Oskin, userName=rreshrr, languageCode=en, canJoinGroups=null, canReadAllGroupMessages=null, supportInlineQueries=null, isPremium=null, addedToAttachmentMenu=null), date=1707388604, chat=Chat(id=1186923362, type=private, title=null, firstName=Andrey, lastName=Oskin, userName=rreshrr, photo=null, description=null, inviteLink=null, pinnedMessage=null, stickerSetName=null, canSetStickerSet=null, permissions=null, slowModeDelay=null, bio=null, linkedChatId=null, location=null, messageAutoDeleteTime=null, hasPrivateForwards=null, HasProtectedContent=null, joinToSendMessages=null, joinByRequest=null, hasRestrictedVoiceAndVideoMessages=null, isForum=null, activeUsernames=null, emojiStatusCustomEmojiId=null, hasAggressiveAntiSpamEnabled=null, hasHiddenMembers=null, emojiStatusExpirationDate=null, availableReactions=null, accentColorId=null, backgroundCustomEmojiId=null, profileAccentColorId=null, profileBackgroundCustomEmojiId=null, hasVisibleHistory=null), forwardFrom=null, forwardFromChat=null, forwardDate=null, text=тот вообще сам все исполняяет, entities=null, captionEntities=null, audio=null, document=null, photo=null, sticker=null, video=null, contact=null, location=null, venue=null, animation=null, pinnedMessage=null, newChatMembers=[], leftChatMember=null, newChatTitle=null, newChatPhoto=null, deleteChatPhoto=null, groupchatCreated=null, replyToMessage=null, voice=null, caption=null, superGroupCreated=null, channelChatCreated=null, migrateToChatId=null, migrateFromChatId=null, editDate=null, game=null, forwardFromMessageId=null, invoice=null, successfulPayment=null, videoNote=null, authorSignature=null, forwardSignature=null, mediaGroupId=null, connectedWebsite=null, passportData=null, forwardSenderName=null, poll=null, replyMarkup=null, dice=null, viaBot=null, senderChat=null, proximityAlertTriggered=null, messageAutoDeleteTimerChanged=null, isAutomaticForward=null, hasProtectedContent=null, webAppData=null, videoChatStarted=null, videoChatEnded=null, videoChatParticipantsInvited=null, videoChatScheduled=null, isTopicMessage=null, forumTopicCreated=null, forumTopicClosed=null, forumTopicReopened=null, forumTopicEdited=null, generalForumTopicHidden=null, generalForumTopicUnhidden=null, writeAccessAllowed=null, hasMediaSpoiler=null, userShared=null, chatShared=null, story=null, externalReplyInfo=null, forwardOrigin=null, linkPreviewOptions=null, quote=null, usersShared=null, giveawayCreated=null, giveaway=null, giveawayWinners=null, giveawayCompleted=null)
2024-02-08 13:36:45,205 INFO r.t.t.u.NetworkUtils [PshikPshikkBot Telegram Executor] Отправили вк: тот вообще сам все исполняяет
2024-02-08 13:36:48,168 INFO r.t.t.u.CommonUtils [Thread-2] 
Получили из вк {"ts":"603","updates":[{"group_id":215303360,"type":"message_new","event_id":"7682a3aa0005cbca224147b7a78d83b3851e41e9","v":"5.131","object":{"message":{"date":1707388608,"from_id":178952520,"id":0,"out":0,"version":10000451,"attachments":[],"conversation_message_id":405300,"fwd_messages":[],"important":false,"is_hidden":false,"peer_id":2000000003,"random_id":0,"text":"вот гольцов и бугуртит","is_unavailable":true},"client_info":{"button_actions":["text","vkpay","open_app","location","open_link","callback","intent_subscribe","intent_unsubscribe"],"keyboard":true,"inline_keyboard":true,"carousel":true,"lang_id":0}}}]}
2024-02-08 13:36:48,475 INFO r.t.t.t.TelegramBot [Thread-2] Отправили в телеграм SendMessage(chatId=1186923362, messageThreadId=null, text=[#длютровик]
Андрей Пухов (08.02 13:36)

вот гольцов и бугуртит, parseMode=null, disableWebPagePreview=null, disableNotification=null, replyToMessageId=null, replyMarkup=null, entities=null, allowSendingWithoutReply=null, protectContent=null, linkPreviewOptions=null, replyParameters=null)
2024-02-08 13:36:50,775 INFO o.s.o.j.LocalContainerEntityManagerFactoryBean [SpringApplicationShutdownHook] Closing JPA EntityManagerFactory for persistence unit 'default'
2024-02-08 13:36:50,781 INFO c.z.h.HikariDataSource [SpringApplicationShutdownHook] HikariPool-1 - Shutdown initiated...
2024-02-08 13:36:50,802 INFO c.z.h.HikariDataSource [SpringApplicationShutdownHook] HikariPool-1 - Shutdown completed.
